proguard/release/seeds.txt
com.google.android.gms.ads.search.SearchAdView: com.google.android.gms.ads.AdListener getAdListener()
com.google.android.gms.ads.search.SearchAdView: com.google.android.gms.ads.AdSize getAdSize()
com.google.android.gms.ads.search.SearchAdView: java.lang.String getAdUnitId()
com.google.android.gms.ads.search.SearchAdView: void setAdListener(com.google.android.gms.ads.AdListener)
com.google.android.gms.ads.search.SearchAdView: void setAdSize(com.google.android.gms.ads.AdSize)
com.google.android.gms.ads.search.SearchAdView: void setAdUnitId(java.lang.String)
com.google.android.gms.cast.ApplicationMetadata
com.google.android.gms.cast.ApplicationMetadata: android.os.Parcelable$Creator CREATOR
com.google.android.gms.cast.CastDevice
com.google.android.gms.cast.CastDevice: android.os.Parcelable$Creator CREATOR
com.google.android.gms.common.SignInButton: void setSize(int)
com.google.android.gms.common.SignInButton: void setColorScheme(int)
com.google.android.gms.common.SignInButton: void setOnClickListener(android.view.View$OnClickListener)
com.google.android.gms.common.SignInButton: void setEnabled(boolean)
com.google.android.gms.common.SignInButton: void onClick(android.view.View)
com.google.android.gms.common.api.Status
com.google.android.gms.common.data.DataHolder
com.google.android.gms.common.images.ImageManager$ImageReceiver
com.google.android.gms.common.images.WebImage
com.google.android.gms.common.images.WebImage: android.os.Parcelable$Creator CREATOR
com.google.android.gms.common.internal.safeparcel.SafeParcelable
com.google.android.gms.drive.Contents
com.google.android.gms.drive.Contents: android.os.Parcelable$Creator CREATOR
com.google.android.gms.drive.DriveId
com.google.android.gms.drive.DriveId: android.os.Parcelable$Creator CREATOR
com.google.android.gms.drive.internal.CloseContentsRequest
com.google.android.gms.drive.internal.CloseContentsRequest: android.os.Parcelable$Creator CREATOR
com.google.android.gms.drive.internal.CreateContentsRequest
com.google.android.gms.drive.internal.CreateContentsRequest: android.os.Parcelable$Creator CREATOR
com.google.android.gms.drive.internal.CreateFileIntentSenderRequest
com.google.android.gms.drive.internal.CreateFileIntentSenderRequest: android.os.Parcelable$Creator CREATOR
com.google.android.gms.drive.internal.CreateFileRequest
com.google.android.gms.drive.internal.CreateFileRequest: android.os.Parcelable$Creator CREATOR
com.google.android.gms.drive.internal.CreateFolderRequest
com.google.android.gms.drive.internal.CreateFolderRequest: android.os.Parcelable$Creator CREATOR
com.google.android.gms.drive.internal.GetMetadataRequest
com.google.android.gms.drive.internal.GetMetadataRequest: android.os.Parcelable$Creator CREATOR
com.google.android.gms.drive.internal.OnContentsResponse
com.google.android.gms.drive.internal.OnContentsResponse: android.os.Parcelable$Creator CREATOR
com.google.android.gms.drive.internal.OnDownloadProgressResponse
com.google.android.gms.drive.internal.OnDownloadProgressResponse: android.os.Parcelable$Creator CREATOR
com.google.android.gms.drive.internal.OnDriveIdResponse
com.google.android.gms.drive.internal.OnDriveIdResponse: android.os.Parcelable$Creator CREATOR
com.google.android.gms.drive.internal.OnListEntriesResponse
com.google.android.gms.drive.internal.OnListEntriesResponse: android.os.Parcelable$Creator CREATOR
com.google.android.gms.drive.internal.OnMetadataResponse
com.google.android.gms.drive.internal.OnMetadataResponse: android.os.Parcelable$Creator CREATOR
com.google.android.gms.drive.internal.OpenContentsRequest
com.google.android.gms.drive.internal.OpenContentsRequest: android.os.Parcelable$Creator CREATOR
com.google.android.gms.drive.internal.OpenFileIntentSenderRequest
com.google.android.gms.drive.internal.OpenFileIntentSenderRequest: android.os.Parcelable$Creator CREATOR
com.google.android.gms.drive.internal.QueryRequest
com.google.android.gms.drive.internal.QueryRequest: android.os.Parcelable$Creator CREATOR