proguard/release/mapping.txt
com.google.android.gms.internal.bj -> com.google.android.gms.internal.bj:
    com.google.android.gms.internal.bi CREATOR -> a
    int versionCode -> b
    java.lang.String gn -> c
    java.lang.String go -> d
    java.lang.String mimeType -> e
    java.lang.String packageName -> f
    java.lang.String gp -> g
    java.lang.String gq -> h
    java.lang.String gr -> i
    int describeContents() -> describeContents
    void writeToParcel(android.os.Parcel,int) -> writeToParcel
com.google.android.gms.internal.bl -> com.google.android.gms.internal.d:
    void a(com.google.android.gms.internal.bm,android.os.Parcel,int) -> a
    java.lang.Object[] newArray(int) -> newArray
    java.lang.Object createFromParcel(android.os.Parcel) -> createFromParcel
com.google.android.gms.internal.bm -> com.google.android.gms.internal.bm:
    com.google.android.gms.internal.bl CREATOR -> a
    int versionCode -> b
    com.google.android.gms.internal.bj gG -> c
    com.google.android.gms.internal.q gH -> d
    com.google.android.gms.internal.bn gI -> e
    com.google.android.gms.internal.cw gJ -> f
    com.google.android.gms.internal.al gK -> g
    java.lang.String gL -> h
    boolean gM -> i
    java.lang.String gN -> j
    com.google.android.gms.internal.bq gO -> k
    int orientation -> l
    int gP -> m
    java.lang.String go -> n
    com.google.android.gms.internal.cu ej -> o
    int describeContents() -> describeContents
    void writeToParcel(android.os.Parcel,int) -> writeToParcel
    android.os.IBinder aa() -> a
    android.os.IBinder ab() -> b
    android.os.IBinder ac() -> c
    android.os.IBinder ad() -> d
    android.os.IBinder ae() -> e
com.google.android.gms.internal.bn -> com.google.android.gms.internal.e:
com.google.android.gms.internal.bq -> com.google.android.gms.internal.f:
com.google.android.gms.internal.bz -> com.google.android.gms.internal.bz:
    com.google.android.gms.internal.ca CREATOR -> a
    int versionCode -> b
    android.os.Bundle hq -> c
    com.google.android.gms.internal.v hr -> d
    com.google.android.gms.internal.x em -> e
    java.lang.String adUnitId -> f
    android.content.pm.ApplicationInfo applicationInfo -> g
    android.content.pm.PackageInfo hs -> h
    java.lang.String ht -> i
    java.lang.String hu -> j
    java.lang.String hv -> k
    com.google.android.gms.internal.cu ej -> l
    int describeContents() -> describeContents
    void writeToParcel(android.os.Parcel,int) -> writeToParcel
com.google.android.gms.internal.ca -> com.google.android.gms.internal.g:
    void a(com.google.android.gms.internal.bz,android.os.Parcel,int) -> a
    java.lang.Object[] newArray(int) -> newArray
    java.lang.Object createFromParcel(android.os.Parcel) -> createFromParcel
com.google.android.gms.internal.cb -> com.google.android.gms.internal.cb:
    com.google.android.gms.internal.cc CREATOR -> a
    int versionCode -> b
    java.lang.String gL -> c
    java.lang.String hw -> d
    java.util.List fK -> e
    int errorCode -> f
    java.util.List fL -> g
    long hx -> h
    boolean hy -> i
    long hz -> j
    java.util.List hA -> k
    long fO -> l
    int orientation -> m
    java.lang.String hB -> n
    int describeContents() -> describeContents
    void writeToParcel(android.os.Parcel,int) -> writeToParcel
com.google.android.gms.internal.cc -> com.google.android.gms.internal.h:
    void a$633d580d(com.google.android.gms.internal.cb,android.os.Parcel) -> a
    java.lang.Object[] newArray(int) -> newArray
    java.lang.Object createFromParcel(android.os.Parcel) -> createFromParcel
com.google.android.gms.internal.ct -> com.google.android.gms.internal.i:
    boolean n(int) -> a
com.google.android.gms.internal.cu -> com.google.android.gms.internal.cu:
    com.google.android.gms.internal.cv CREATOR -> a
    int versionCode -> b
    java.lang.String iJ -> c
    int iK -> d
    int iL -> e
    boolean iM -> f
    int describeContents() -> describeContents
    void writeToParcel(android.os.Parcel,int) -> writeToParcel